  % Total    % Received % Xferd  Average Speed   Time    Time     Time  Current
                                 Dload  Upload   Total   Spent    Left  Speed
  0     0    0     0    0     0      0      0 --:--:-- --:--:-- --:--:--     0*   Trying 54.243.3.62:80...
* Connected to ec2-54-243-3-62.compute-1.amazonaws.com (54.243.3.62) port 80 (#0)
> GET / HTTP/1.1
> Host: ec2-54-243-3-62.compute-1.amazonaws.com
> User-Agent: curl/7.77.0
> Accept: */*
> Cookie: login=eyJ1c2VybmFtZSI6ImF3ZGVvcmlvIn0.YhE-ew.Q5rfAdinZk_NDlVLfcyEww0hYLw
> 
* Mark bundle as not supporting multiuse
< HTTP/1.1 200 OK
< Server: nginx/1.18.0 (Ubuntu)
< Date: Sat, 19 Feb 2022 19:02:33 GMT
< Content-Type: text/html; charset=utf-8
< Content-Length: 787
< Connection: keep-alive
< Vary: Cookie
< 
{ [787 bytes data]
100   787  100   787    0     0   7840      0 --:--:-- --:--:-- --:--:--  8648
* Connection #0 to host ec2-54-243-3-62.compute-1.amazonaws.com left intact
